This is LuaHBTeX, Version 1.18.1 (MiKTeX 24.4) (format=lualatex 2025.2.13)  3 APR 2025 14:27
 restricted system commands enabled.
**IEEE-conference-template-062824.tex
(./IEEE-conference-template-062824.tex
LaTeX2e <2024-11-01> patch level 1
L3 programming layer <2024-12-25>
Lua module: luaotfload 2024-02-14 v3.28 Lua based OpenType font support
Lua module: lualibs 2023-07-13 v2.76 ConTeXt Lua standard libraries.
Lua module: lualibs-extended 2023-07-13 v2.76 ConTeXt Lua libraries -- extended 
collection.
luaotfload | conf : Root cache directory is "C:/Users/jacob/AppData/Local/MiKTeX
/luatex-cache/generic/names".
luaotfload | init : Loading fontloader "fontloader-2023-12-28.lua" from kpse-res
olved path "C:/Users/jacob/AppData/Local/Programs/MiKTeX/tex/luatex/luaotfload/f
ontloader-2023-12-28.lua".
Lua-only attribute luaotfload@noligature = 1
luaotfload | init : Context OpenType loader version 3.134
Inserting `luaotfload.node_processor' in `pre_linebreak_filter'.
Inserting `luaotfload.node_processor' in `hpack_filter'.
Inserting `luaotfload.glyph_stream' in `glyph_stream_provider'.
Inserting `luaotfload.define_font' in `define_font'.
Lua-only attribute luaotfload_color_attribute = 2
luaotfload | conf : Root cache directory is "C:/Users/jacob/AppData/Local/MiKTeX
/luatex-cache/generic/names".
Inserting `luaotfload.harf.strip_prefix' in `find_opentype_file'.
Inserting `luaotfload.harf.strip_prefix' in `find_truetype_file'.
Removing  `luaotfload.glyph_stream' from `glyph_stream_provider'.
Inserting `luaotfload.harf.glyphstream' in `glyph_stream_provider'.
Inserting `luaotfload.harf.finalize_vlist' in `post_linebreak_filter'.
Inserting `luaotfload.harf.finalize_hlist' in `hpack_filter'.
Inserting `luaotfload.cleanup_files' in `wrapup_run'.
Inserting `luaotfload.harf.finalize_unicode' in `finish_pdffile'.
Inserting `luaotfload.glyphinfo' in `glyph_info'.
Lua-only attribute luaotfload.letterspace_done = 3
Inserting `luaotfload.aux.set_sscale_dimens' in `luaotfload.patch_font'.
Inserting `luaotfload.aux.set_font_index' in `luaotfload.patch_font'.
Inserting `luaotfload.aux.patch_cambria_domh' in `luaotfload.patch_font'.
Inserting `luaotfload.aux.fixup_fontdata' in `luaotfload.patch_font_unsafe'.
Inserting `luaotfload.aux.set_capheight' in `luaotfload.patch_font'.
Inserting `luaotfload.aux.set_xheight' in `luaotfload.patch_font'.
Inserting `luaotfload.rewrite_fontname' in `luaotfload.patch_font'.
Inserting `tracingstacklevels' in `input_level_string'. (./IEEEtran.cls
Document Class: IEEEtran 2015/08/26 V1.8b by Michael Shell
-- See the "IEEEtran_HOWTO" manual for usage information.
-- http://www.michaelshell.org/tex/ieeetran/
\@IEEEtrantmpdimenA=\dimen140
\@IEEEtrantmpdimenB=\dimen141
\@IEEEtrantmpdimenC=\dimen142
\@IEEEtrantmpcountA=\count194
\@IEEEtrantmpcountB=\count195
\@IEEEtrantmpcountC=\count196
\@IEEEtrantmptoksA=\toks17
LaTeX Font Info:    Trying to load font information for TU+ptm on input line 50
3.
LaTeX Font Info:    No file TUptm.fd. on input line 503.

LaTeX Font Warning: Font shape `TU/ptm/m/n' undefined
(Font)              using `TU/lmr/m/n' instead on input line 503.

luaotfload | db : Font names database loaded from C:/Users/jacob/AppData/Local/M
iKTeX/luatex-cache/generic/names/luaotfload-names.luc.gz
-- Using 8.5in x 11in (letter) paper.
-- Using DVI output.
\@IEEEnormalsizeunitybaselineskip=\dimen143
-- This is a 10 point document.
\CLASSINFOnormalsizebaselineskip=\dimen144
\CLASSINFOnormalsizeunitybaselineskip=\dimen145
\IEEEnormaljot=\dimen146

LaTeX Font Warning: Font shape `TU/ptm/bx/n' undefined
(Font)              using `TU/ptm/m/n' instead on input line 1090.


LaTeX Font Warning: Font shape `TU/ptm/m/it' undefined
(Font)              using `TU/ptm/m/n' instead on input line 1090.


LaTeX Font Warning: Font shape `TU/ptm/bx/it' undefined
(Font)              using `TU/ptm/bx/n' instead on input line 1090.

\IEEEquantizedlength=\dimen147
\IEEEquantizedlengthdiff=\dimen148
\IEEEquantizedtextheightdiff=\dimen149
\IEEEilabelindentA=\dimen150
\IEEEilabelindentB=\dimen151
\IEEEilabelindent=\dimen152
\IEEEelabelindent=\dimen153
\IEEEdlabelindent=\dimen154
\IEEElabelindent=\dimen155
\IEEEiednormlabelsep=\dimen156
\IEEEiedmathlabelsep=\dimen157
\IEEEiedtopsep=\skip49
\c@section=\count197
\c@subsection=\count198
\c@subsubsection=\count199
\c@paragraph=\count266
\c@IEEEsubequation=\count267
\abovecaptionskip=\skip50
\belowcaptionskip=\skip51
\c@figure=\count268
\c@table=\count269
\@IEEEeqnnumcols=\count270
\@IEEEeqncolcnt=\count271
\@IEEEsubeqnnumrollback=\count272
\@IEEEquantizeheightA=\dimen158
\@IEEEquantizeheightB=\dimen159
\@IEEEquantizeheightC=\dimen160
\@IEEEquantizeprevdepth=\dimen161
\@IEEEquantizemultiple=\count273
\@IEEEquantizeboxA=\box52
\@IEEEtmpitemindent=\dimen162
\IEEEPARstartletwidth=\dimen163
\c@IEEEbiography=\count274
\@IEEEtranrubishbin=\box53
)
** ATTENTION: Overriding command lockouts (line 2).
(C:/Users/jacob/AppData/Local/Programs/MiKTeX/tex/latex/cite/cite.sty
LaTeX Info: Redefining \cite on input line 302.
LaTeX Info: Redefining \nocite on input line 332.
Package: cite 2015/02/27  v 5.5
)
(C:/Users/jacob/AppData/Local/Programs/MiKTeX/tex/latex/amsmath/amsmath.sty
Package: amsmath 2024/11/05 v2.17t AMS math features
\@mathmargin=\skip52

For additional information on amsmath, use the `?' option.
(C:/Users/jacob/AppData/Local/Programs/MiKTeX/tex/latex/amsmath/amstext.sty
Package: amstext 2021/08/26 v2.01 AMS text

(C:/Users/jacob/AppData/Local/Programs/MiKTeX/tex/latex/amsmath/amsgen.sty
File: amsgen.sty 1999/11/30 v2.0 generic functions
\@emptytoks=\toks18
\ex@=\dimen164
))
(C:/Users/jacob/AppData/Local/Programs/MiKTeX/tex/latex/amsmath/amsbsy.sty
Package: amsbsy 1999/11/29 v1.2d Bold Symbols
\pmbraise@=\dimen165
)
(C:/Users/jacob/AppData/Local/Programs/MiKTeX/tex/latex/amsmath/amsopn.sty
Package: amsopn 2022/04/08 v2.04 operator names
)
\inf@bad=\count275
LaTeX Info: Redefining \frac on input line 235.
\uproot@=\count276
\leftroot@=\count277
LaTeX Info: Redefining \overline on input line 398.
LaTeX Info: Redefining \colon on input line 409.
\classnum@=\count278
\DOTSCASE@=\count279
LaTeX Info: Redefining \ldots on input line 495.
LaTeX Info: Redefining \dots on input line 498.
LaTeX Info: Redefining \cdots on input line 619.
\Mathstrutbox@=\box54
\strutbox@=\box55
LaTeX Info: Redefining \big on input line 721.
LaTeX Info: Redefining \Big on input line 722.
LaTeX Info: Redefining \bigg on input line 723.
LaTeX Info: Redefining \Bigg on input line 724.
\big@size=\dimen166
LaTeX Font Info:    Redeclaring font encoding OML on input line 742.
LaTeX Font Info:    Redeclaring font encoding OMS on input line 743.
\macc@depth=\count280
LaTeX Info: Redefining \bmod on input line 904.
LaTeX Info: Redefining \pmod on input line 909.
LaTeX Info: Redefining \smash on input line 939.
LaTeX Info: Redefining \relbar on input line 969.
LaTeX Info: Redefining \Relbar on input line 970.
\c@MaxMatrixCols=\count281
\dotsspace@=\muskip17
\c@parentequation=\count282
\dspbrk@lvl=\count283
\tag@help=\toks19
\row@=\count284
\column@=\count285
\maxfields@=\count286
\andhelp@=\toks20
\eqnshift@=\dimen167
\alignsep@=\dimen168
\tagshift@=\dimen169
\tagwidth@=\dimen170
\totwidth@=\dimen171
\lineht@=\dimen172
\@envbody=\toks21
\multlinegap=\skip53
\multlinetaggap=\skip54
\mathdisplay@stack=\toks22
LaTeX Info: Redefining \[ on input line 2953.
LaTeX Info: Redefining \] on input line 2954.
)
(C:/Users/jacob/AppData/Local/Programs/MiKTeX/tex/latex/amsfonts/amssymb.sty
Package: amssymb 2013/01/14 v3.01 AMS font symbols

(C:/Users/jacob/AppData/Local/Programs/MiKTeX/tex/latex/amsfonts/amsfonts.sty
Package: amsfonts 2013/01/14 v3.01 Basic AMSFonts support
\symAMSa=\mathgroup4
\symAMSb=\mathgroup5
LaTeX Font Info:    Redeclaring math symbol \hbar on input line 98.
LaTeX Font Info:    Overwriting math alphabet `\mathfrak' in version `bold'
(Font)                  U/euf/m/n --> U/euf/b/n on input line 106.
))
(C:/Users/jacob/AppData/Local/Programs/MiKTeX/tex/latex/algorithms/algorithmic.
sty
Package: algorithmic 2009/08/24 v0.1 Document Style `algorithmic'
 (C:/Users/jacob/AppData/Local/Programs/MiKTeX/tex/latex/base/ifthen.sty
Package: ifthen 2024/03/16 v1.1e Standard LaTeX ifthen package (DPC)
)
(C:/Users/jacob/AppData/Local/Programs/MiKTeX/tex/latex/graphics/keyval.sty
Package: keyval 2022/05/29 v1.15 key=value parser (DPC)
\KV@toks@=\toks23
)
\c@ALC@unique=\count287
\c@ALC@line=\count288
\c@ALC@rem=\count289
\c@ALC@depth=\count290
\ALC@tlm=\skip55
\algorithmicindent=\skip56
)
(C:/Users/jacob/AppData/Local/Programs/MiKTeX/tex/latex/graphics/graphicx.sty
Package: graphicx 2021/09/16 v1.2d Enhanced LaTeX Graphics (DPC,SPQR)

(C:/Users/jacob/AppData/Local/Programs/MiKTeX/tex/latex/graphics/graphics.sty
Package: graphics 2024/08/06 v1.4g Standard LaTeX Graphics (DPC,SPQR)

(C:/Users/jacob/AppData/Local/Programs/MiKTeX/tex/latex/graphics/trig.sty
Package: trig 2023/12/02 v1.11 sin cos tan (DPC)
)
(C:/Users/jacob/AppData/Local/Programs/MiKTeX/tex/latex/graphics-cfg/graphics.c
fg
File: graphics.cfg 2016/06/04 v1.11 sample graphics configuration
)
Package graphics Info: Driver file: luatex.def on input line 106.

(C:/Users/jacob/AppData/Local/Programs/MiKTeX/tex/latex/graphics-def/luatex.def
File: luatex.def 2024/04/13 v1.2e Graphics/color driver for luatex
))
\Gin@req@height=\dimen173
\Gin@req@width=\dimen174
) (C:/Users/jacob/AppData/Local/Programs/MiKTeX/tex/latex/base/textcomp.sty
Package: textcomp 2024/04/24 v2.1b Standard LaTeX package
)
(C:/Users/jacob/AppData/Local/Programs/MiKTeX/tex/latex/xcolor/xcolor.sty
Package: xcolor 2024/09/29 v3.02 LaTeX color extensions (UK)

(C:/Users/jacob/AppData/Local/Programs/MiKTeX/tex/latex/graphics-cfg/color.cfg
File: color.cfg 2016/01/02 v1.6 sample color configuration
)
Package xcolor Info: Driver file: luatex.def on input line 274.
(C:/Users/jacob/AppData/Local/Programs/MiKTeX/tex/latex/graphics/mathcolor.ltx)
Package xcolor Info: Model `cmy' substituted by `cmy0' on input line 1349.
Package xcolor Info: Model `hsb' substituted by `rgb' on input line 1353.
Package xcolor Info: Model `RGB' extended on input line 1365.
Package xcolor Info: Model `HTML' substituted by `rgb' on input line 1367.
Package xcolor Info: Model `Hsb' substituted by `hsb' on input line 1368.
Package xcolor Info: Model `tHsb' substituted by `hsb' on input line 1369.
Package xcolor Info: Model `HSB' substituted by `hsb' on input line 1370.
Package xcolor Info: Model `Gray' substituted by `gray' on input line 1371.
Package xcolor Info: Model `wave' substituted by `hsb' on input line 1372.
)
(C:/Users/jacob/AppData/Local/Programs/MiKTeX/tex/latex/l3backend/l3backend-lua
tex.def
File: l3backend-luatex.def 2024-05-08 L3 backend support: PDF output (LuaTeX)
\l__color_backend_stack_int=\count291
Inserting `l3color' in `luaotfload.parse_color'.
\l__pdf_internal_box=\box56
) (./IEEE-conference-template-062824.aux)
\openout1 = IEEE-conference-template-062824.aux

LaTeX Font Info:    Checking defaults for OML/cmm/m/it on input line 14.
LaTeX Font Info:    ... okay on input line 14.
LaTeX Font Info:    Checking defaults for OMS/cmsy/m/n on input line 14.
LaTeX Font Info:    ... okay on input line 14.
LaTeX Font Info:    Checking defaults for OT1/cmr/m/n on input line 14.
LaTeX Font Info:    ... okay on input line 14.
LaTeX Font Info:    Checking defaults for T1/cmr/m/n on input line 14.
LaTeX Font Info:    ... okay on input line 14.
LaTeX Font Info:    Checking defaults for TS1/cmr/m/n on input line 14.
LaTeX Font Info:    ... okay on input line 14.
LaTeX Font Info:    Checking defaults for TU/lmr/m/n on input line 14.
LaTeX Font Info:    ... okay on input line 14.
LaTeX Font Info:    Checking defaults for OMX/cmex/m/n on input line 14.
LaTeX Font Info:    ... okay on input line 14.
LaTeX Font Info:    Checking defaults for U/cmr/m/n on input line 14.
LaTeX Font Info:    ... okay on input line 14.


LaTeX Font Warning: Font shape `TU/ptm/b/n' undefined
(Font)              using `TU/ptm/bx/n' instead on input line 14.


LaTeX Font Warning: Font shape `TU/ptm/b/it' undefined
(Font)              using `TU/ptm/bx/it' instead on input line 14.


LaTeX Font Warning: Font shape `TU/ptm/b/n' undefined
(Font)              using `TU/ptm/bx/n' instead on input line 14.


LaTeX Font Warning: Font shape `TU/ptm/b/it' undefined
(Font)              using `TU/ptm/bx/it' instead on input line 14.


LaTeX Font Warning: Font shape `TU/ptm/b/n' undefined
(Font)              using `TU/ptm/bx/n' instead on input line 14.


LaTeX Font Warning: Font shape `TU/ptm/b/it' undefined
(Font)              using `TU/ptm/bx/it' instead on input line 14.


LaTeX Font Warning: Font shape `TU/ptm/b/n' undefined
(Font)              using `TU/ptm/bx/n' instead on input line 14.


LaTeX Font Warning: Font shape `TU/ptm/b/it' undefined
(Font)              using `TU/ptm/bx/it' instead on input line 14.


LaTeX Font Warning: Font shape `TU/ptm/b/n' undefined
(Font)              using `TU/ptm/bx/n' instead on input line 14.


LaTeX Font Warning: Font shape `TU/ptm/b/it' undefined
(Font)              using `TU/ptm/bx/it' instead on input line 14.


LaTeX Font Warning: Font shape `TU/ptm/b/n' undefined
(Font)              using `TU/ptm/bx/n' instead on input line 14.


LaTeX Font Warning: Font shape `TU/ptm/b/it' undefined
(Font)              using `TU/ptm/bx/it' instead on input line 14.


LaTeX Font Warning: Font shape `TU/ptm/b/n' undefined
(Font)              using `TU/ptm/bx/n' instead on input line 14.


LaTeX Font Warning: Font shape `TU/ptm/b/it' undefined
(Font)              using `TU/ptm/bx/it' instead on input line 14.


LaTeX Font Warning: Font shape `TU/ptm/b/n' undefined
(Font)              using `TU/ptm/bx/n' instead on input line 14.


LaTeX Font Warning: Font shape `TU/ptm/b/it' undefined
(Font)              using `TU/ptm/bx/it' instead on input line 14.


LaTeX Font Warning: Font shape `TU/ptm/b/n' undefined
(Font)              using `TU/ptm/bx/n' instead on input line 14.


LaTeX Font Warning: Font shape `TU/ptm/b/it' undefined
(Font)              using `TU/ptm/bx/it' instead on input line 14.


LaTeX Font Warning: Font shape `TU/ptm/b/n' undefined
(Font)              using `TU/ptm/bx/n' instead on input line 14.


LaTeX Font Warning: Font shape `TU/ptm/b/it' undefined
(Font)              using `TU/ptm/bx/it' instead on input line 14.

-- Lines per column: 56 (exact).

(C:/Users/jacob/AppData/Local/Programs/MiKTeX/tex/context/base/mkii/supp-pdf.mk
ii
[Loading MPS to PDF converter (version 2006.09.02).]
\scratchcounter=\count292
\scratchdimen=\dimen175
\scratchbox=\box57
\nofMPsegments=\count293
\nofMParguments=\count294
\everyMPshowfont=\toks24
\MPscratchCnt=\count295
\MPscratchDim=\dimen176
\MPnumerator=\count296
\makeMPintoPDFobject=\count297
\everyMPtoPDFconversion=\toks25
)
(C:/Users/jacob/AppData/Local/Programs/MiKTeX/tex/latex/epstopdf-pkg/epstopdf-b
ase.sty
Package: epstopdf-base 2020-01-24 v2.11 Base part for package epstopdf
Package epstopdf-base Info: Redefining graphics rule for `.eps' on input line 4
85.

(C:/Users/jacob/AppData/Local/Programs/MiKTeX/tex/latex/00miktex/epstopdf-sys.c
fg
File: epstopdf-sys.cfg 2021/03/18 v2.0 Configuration of epstopdf for MiKTeX
))
LaTeX Font Info:    Trying to load font information for U+msa on input line 59.

 (C:/Users/jacob/AppData/Local/Programs/MiKTeX/tex/latex/amsfonts/umsa.fd
File: umsa.fd 2013/01/14 v3.01 AMS symbols A
)
LaTeX Font Info:    Trying to load font information for U+msb on input line 59.


(C:/Users/jacob/AppData/Local/Programs/MiKTeX/tex/latex/amsfonts/umsb.fd
File: umsb.fd 2013/01/14 v3.01 AMS symbols B
)
LaTeX Font Info:    Calculating math sizes for size <11> on input line 59.


LaTeX Font Warning: Font shape `TU/ptm/b/n' undefined
(Font)              using `TU/ptm/bx/n' instead on input line 61.


LaTeX Font Warning: Font shape `TU/ptm/b/n' undefined
(Font)              using `TU/ptm/bx/n' instead on input line 67.


LaTeX Font Warning: Font shape `TU/ptm/m/sc' undefined
(Font)              using `TU/ptm/m/n' instead on input line 71.





[1
Non-PDF special ignored!{C:/Users/jacob/AppData/Local/MiKTeX/fonts/map/pdftex/pd
ftex.map}


]
LaTeX Font Info:    Trying to load font information for TU+pcr on input line 12
7.
LaTeX Font Info:    No file TUpcr.fd. on input line 127.


LaTeX Font Warning: Font shape `TU/pcr/m/n' undefined
(Font)              using `TU/lmr/m/n' instead on input line 127.




LaTeX Font Warning: Font shape `TU/ptm/b/n' undefined
(Font)              using `TU/ptm/bx/n' instead on input line 179.



[2]

LaTeX Font Warning: Font shape `TU/ptm/b/n' undefined
(Font)              using `TU/ptm/bx/n' instead on input line 219.


LaTeX Font Warning: Font shape `TU/ptm/b/n' undefined
(Font)              using `TU/ptm/bx/n' instead on input line 219.


LaTeX Font Warning: Font shape `TU/ptm/b/n' undefined
(Font)              using `TU/ptm/bx/n' instead on input line 221.


LaTeX Font Warning: Font shape `TU/ptm/b/n' undefined
(Font)              using `TU/ptm/bx/n' instead on input line 221.


LaTeX Font Warning: Font shape `TU/ptm/b/n' undefined
(Font)              using `TU/ptm/bx/n' instead on input line 221.


LaTeX Font Warning: Font shape `TU/ptm/b/n' undefined
(Font)              using `TU/ptm/bx/n' instead on input line 221.

<fig1.png, id=19, 249.3315pt x 189.22694pt>
File: fig1.png Graphic file (type png)
<use fig1.png>
Package luatex.def Info: fig1.png  used on input line 232.
(luatex.def)             Requested size: 249.33087pt x 189.22647pt.



Underfull \hbox (badness 4217) in paragraph at lines 283--284
[]\TU/ptm/m/sc/8 D. P. Kingma and M. Welling, ``Auto-encoding vari-a-
 []


Underfull \hbox (badness 2726) in paragraph at lines 283--284
\TU/ptm/m/sc/8 tional Bayes,'' 2013, arXiv:1312.6114. [On-line]. Avail-able:
 []


Underfull \hbox (badness 1776) in paragraph at lines 285--286
[]\TU/ptm/m/sc/8 ``Treat-ment episode data set: dis-charges (TEDS-D): con-
 []


** Conference Paper **
Before submitting the final camera ready copy, remember to:

 1. Manually equalize the lengths of two columns on the last page
 of your paper;

 2. Ensure that any PostScript and/or PDF output post-processing
 uses only Type 1 fonts and that every step in the generation
 process uses the appropriate paper size.



[3<./fig1.png>] (./IEEE-conference-template-062824.aux)
 ***********
LaTeX2e <2024-11-01> patch level 1
L3 programming layer <2024-12-25>
 ***********


LaTeX Font Warning: Some font shapes were not available, defaults substituted.

)

Here is how much of LuaTeX's memory you used:
 4239 strings out of 475518
 156267,662416 words of node,token memory allocated
 518 words of node memory still in use:
   6 hlist, 2 vlist, 2 rule, 3 glue, 4 kern, 1 glyph, 9 attribute, 55 glue_spec,
 9 attribute_list, 1 write nodes
   avail lists: 1:1,2:760,3:267,4:70,5:752,6:70,7:15081,8:7,9:1006,10:19,11:1009

 27207 multiletter control sequences out of 65536+600000
 80 fonts using 5535671 bytes
 57i,11n,62p,607b,330s stack positions out of 10000i,1000n,20000p,200000b,200000s
<c:/users/jacob/appdata/local/programs/miktex/fonts/opentype/public/lm/lmroman7-
regular.otf><c:/users/jacob/appdata/local/programs/miktex/fonts/opentype/public/
lm/lmroman9-regular.otf><c:/users/jacob/appdata/local/programs/miktex/fonts/open
type/public/lm/lmroman10-regular.otf><c:/users/jacob/appdata/local/programs/mikt
ex/fonts/opentype/public/lm/lmroman12-regular.otf><c:/users/jacob/appdata/local/
programs/miktex/fonts/opentype/public/lm/lmroman8-regular.otf><c:/users/jacob/ap
pdata/local/programs/miktex/fonts/opentype/public/lm/lmroman6-regular.otf><c:/us
ers/jacob/appdata/local/programs/miktex/fonts/opentype/public/lm/lmroman17-regul
ar.otf><C:/Users/jacob/AppData/Local/Programs/MiKTeX/fonts/type1/public/amsfonts
/cm/cmmi10.pfb><C:/Users/jacob/AppData/Local/Programs/MiKTeX/fonts/type1/public/
amsfonts/cm/cmr10.pfb><C:/Users/jacob/AppData/Local/Programs/MiKTeX/fonts/type1/
public/amsfonts/cm/cmr6.pfb><C:/Users/jacob/AppData/Local/Programs/MiKTeX/fonts/
type1/public/amsfonts/cm/cmr7.pfb><C:/Users/jacob/AppData/Local/Programs/MiKTeX/
fonts/type1/public/amsfonts/cm/cmsy7.pfb>
Output written on IEEE-conference-template-062824.pdf (3 pages, 109165 bytes).

PDF statistics: 82 PDF objects out of 1000 (max. 8388607)
 0 named destinations out of 1000 (max. 131072)
 1 words of extra memory for PDF output out of 10000 (max. 100000000)

